Virtuoso Framework License (111) was checked out successfully. Total checkout time was 0.07s.
********************************************************************************
Product   : Virtuoso(R) XStream Out
Program   : @(#)$CDS: strmout version IC23.1-64b 07/08/2025 22:22 (cpgbld17) $
          : sub-version  IC23.1-64b.ISR15.37 
Started at: 21-Nov-2025  10:38:59
User Name : ss819183
Host Name : ceashpc-05.rit.albany.edu
Directory : /network/rit/home/ss819183/cadence
CADENCE Design Systems, Inc.
********************************************************************************
Info: Cellview Rev Num:99,  Tech Rev Num:59

WARNING (XSTRM-20): Output Stream file '/network/rit/home/ss819183/cadence/Test_DE6_2/OR_Gate_3_Input/layout_6/OR_Gate_3_Input.gds.gz' already exists. It will be overwritten.
Loading gpdk045/libInit.il ...
	Loading gpdk045/loadCxt.ile ... done!
	Loading context 'gpdk045' from library 'gpdk045' ... done!
	Loading context 'pdkUtils' from library 'gpdk045' ... done!
	Loading gpdk045/gpdk045_customFilter.il ... done!
	Loading gpdk045/libInitCustomExit.il ... 
	Loading Environment Settings ...
	Loading gpdk045/gpdk045_PDKRegistrations.il ... done!

  *************************************************************           
  *              Cadence Design Systems, Inc.                 *           
  *                                                           *           
  *                    Generic 45nm PDK                       *           
  *                        (gpdk045)                          *           
  *                                                           *           
  *************************************************************           
	

	VERSION: 6.0 (09-September-2019)

done!
Loaded gpdk045/libInit.il successfully!
INFO (XSTRM-217): Reading the layer map file, /network/rit/home/ss819183/cadence/TechLibs/gpdk045_v_6_0/gpdk045//gpdk045.layermap
WARNING (XSTRM-333): The '-enableColoring' option will be ignored during XStream Out. This is because there is no color entry in the layer map and the object map file.
INFO (XSTRM-427): Based on current hardware configuration, running XStream Out translation in multi-threaded mode with 4 threads.
INFO (XSTRM-280): The output file will be a compressed file because the file name has extension .gz
INFO (XSTRM-162): You have not used the '-viaMap' option. If the OpenAccess design has native oaVia instances, use the '-viaMap' option for preserving oaVia instances in a XStream Out - XStream In round trip. Using the '-viaMap' option improves performance and VM usage of applications using the Streamed-In design.

Summary of Options :
library                                 Test_DE6_2
strmFile                                /network/rit/home/ss819183/cadence/Test_DE6_2/OR_Gate_3_Input/layout_6/OR_Gate_3_Input.gds.gz
topCell                                 OR_Gate_3_Input
view                                    layout_6
runDir                                  /network/rit/home/ss819183/cadence/Test_DE6_2/OR_Gate_3_Input/layout_6
logFile                                 /network/rit/home/ss819183/cadence/Test_DE6_2/OR_Gate_3_Input/layout_6/PIPO1.LOG
techLib                                 gpdk045
hierDepth                               32
maxVertices                             2048
layerMap                                /network/rit/home/ss819183/cadence/TechLibs/gpdk045_v_6_0/gpdk045//gpdk045.layermap
userSkillFile                           /network/rit/home/ss819183/cadence/Test_DE6_2/OR_Gate_3_Input/layout_6/strmout.il
labelDepth                              32
case                                    Preserve
convertDot                              node

INFO (XSTRM-180): You have not used the '-objectMap' option. The design has instance(s) of at least one of following OpenAccess objects: oaBlockage, oaBoundary, oaRow, and oaMarker. Any information about these objects will not be translated into the generated stream file. Use the '-objectMap' option to translate/preserve these objects using XStream.
INFO (XSTRM-223): 1. Translating stdVia gpdk045/M1_PO/layout as STRUCTURE M1_PO_CDNS_763739539250.
INFO (XSTRM-223): 2. Translating stdVia gpdk045/M2_M1/layout as STRUCTURE M2_M1_CDNS_763739539251.
INFO (XSTRM-223): 3. Translating stdVia gpdk045/M1_NWELL/layout as STRUCTURE M1_NWELL_CDNS_763739539252.
INFO (XSTRM-223): 4. Translating stdVia gpdk045/M1_PSUB/layout as STRUCTURE M1_PSUB_CDNS_763739539253.
INFO (XSTRM-223): 5. Translating cellview gpdk045/pmos1v/layout as STRUCTURE pmos1v_CDNS_763739539250.
INFO (XSTRM-223): 6. Translating cellview gpdk045/nmos1v/layout as STRUCTURE nmos1v_CDNS_763739539251.
INFO (XSTRM-223): 7. Translating cellview gpdk045/pmos1v/layout as STRUCTURE pmos1v_CDNS_763739539252.
INFO (XSTRM-223): 8. Translating cellview gpdk045/nmos1v/layout as STRUCTURE nmos1v_CDNS_763739539253.
INFO (XSTRM-223): 9. Translating cellview gpdk045/pmos1v/layout as STRUCTURE pmos1v_CDNS_763739539254.
INFO (XSTRM-223): 10. Translating cellview gpdk045/pmos1v/layout as STRUCTURE pmos1v_CDNS_763739539255.
INFO (XSTRM-223): 11. Translating cellview gpdk045/nmos1v/layout as STRUCTURE nmos1v_CDNS_763739539256.
INFO (XSTRM-223): 12. Translating cellview gpdk045/nmos1v/layout as STRUCTURE nmos1v_CDNS_763739539257.
INFO (XSTRM-223): 13. Translating cellview Test_DE6_2/OR_Gate_3_Input/layout_6 as STRUCTURE OR_Gate_3_Input.

Summary of Objects Translated:
	Scalar Instances:                       8
	Array Instances:                        0
	Polygons:                               0
	Paths:                                  0
	Rectangles:                             159
	Lines:                                  0
	Arcs:                                   0
	Donuts:                                 0
	Dots:                                   0
	Ellipses:                               0
	Boundaries:                             0
	Area Blockages:                         0
	Layer Blockages:                        0
	Area Halos:                             0
	Markers:                                0
	Rows:                                   0
	Stitch:                                 0
	Standard Vias                           12
	Custom Vias:                            0
	CdsGen Vias:                            0
	Pathsegs:                               12
	Text:                                   6
	TextDisplay:                            0
	Cells:                                  13

Elapsed Time: 0.5s   User Time: 0.2s   CPU Time: 0.1s   Peak VM: 35252KB
INFO (XSTRM-234): Translation completed. '0' error(s) and '2' warning(s) found.
